starting NPB CLASS D8 4096x2048x2048 25 iterations (NX:4096,NY:2048,NZ:2048) on 32 x 16 processor grid
Application 2734554 is crashing. ATP analysis proceeding...

ATP Stack walkback for Rank 34 starting:
  _start@start.S:120
  __libc_start_main@0x2aaaaef3ef89
  main@ft-2d.upc:218
  plan3DFFT@fft3d.upc:72
  myfft_plan_1d@myfft_fftw3.c:30
  fftw_plan_many_dft@0x2aaaaadd1414
  fftw_mkapiplan@0x2aaaaadc8a66
  mkplan@0x2aaaaacf3472
  search0@0x2aaaaacf2fec
  mkplan@0x2aaaaacf9917
  fftw_mkplan_d@0x2aaaaacf3ea1
  mkplan@0x2aaaaacf3472
  search0@0x2aaaaacf2fec
  mkplan@0x2aaaaacfc3cf
  fftw_mkplan_d@0x2aaaaacf3ea1
  mkplan@0x2aaaaacf3472
  search0@0x2aaaaacf2fec
  mkplan@0x2aaaaad320d3
  fftw_mkplan_d@0x2aaaaacf3ea1
  mkplan@0x2aaaaacf3472
  search0@0x2aaaaacf31a9
  fftw_measure_execution_time@0x2aaaaacf6841
  zero@0x2aaaaad37608
  fftw_rdft_zerotens@0x2aaaaad3758c
  recur@0x2aaaaad374a2
ATP Stack walkback for Rank 34 done
Process died with signal 11: 'Segmentation fault'
Forcing core dumps of ranks 34, 0
View application merged backtrace tree with: stat-view atpMergedBT.dot
You may need to: module load stat

_pmiu_daemon(SIGCHLD): [NID 00029] [c0-0c0s7n1] [Fri Nov 15 11:13:38 2019] PE RANK 190 exit signal Killed
[NID 00029] 2019-11-15 11:13:38 Apid 2734554: initiated application termination
_pmiu_daemon(SIGCHLD): [NID 00031] [c0-0c0s7n3] [Fri Nov 15 11:13:38 2019] PE RANK 226 exit signal Killed
_pmiu_daemon(SIGCHLD): [NID 00041] [c0-0c0s10n1] [Fri Nov 15 11:13:38 2019] PE RANK 434 exit signal Killed
_pmiu_daemon(SIGCHLD): [NID 00039] [c0-0c0s9n3] [Fri Nov 15 11:13:38 2019] PE RANK 358 exit signal Killed
_pmiu_daemon(SIGCHLD): [NID 00028] [c0-0c0s7n0] [Fri Nov 15 11:13:38 2019] PE RANK 131 exit signal Killed
Application 2734554 exit codes: 137
Application 2734554 exit signals: Killed
Application 2734554 resources: utime ~10s, stime ~37s, Rss ~2465200, inblocks ~19408, outblocks ~0

starting NPB CLASS D8 4096x2048x2048 25 iterations (NX:4096,NY:2048,NZ:2048) on 32 x 16 processor grid
Application 2734578 is crashing. ATP analysis proceeding...

ATP Stack walkback for Rank 419 starting:
  _start@start.S:120
  __libc_start_main@0x2aaaaef3ef89
  main@ft-2d.upc:218
  plan3DFFT@fft3d.upc:72
  myfft_plan_1d@myfft_fftw3.c:30
  fftw_plan_many_dft@0x2aaaaadd1414
  fftw_mkapiplan@0x2aaaaadc8a66
  mkplan@0x2aaaaacf3472
  search0@0x2aaaaacf2fec
  mkplan@0x2aaaaacf9917
  fftw_mkplan_d@0x2aaaaacf3ea1
  mkplan@0x2aaaaacf3472
  search0@0x2aaaaacf2fec
  mkplan@0x2aaaaacfc3cf
  fftw_mkplan_d@0x2aaaaacf3ea1
  mkplan@0x2aaaaacf3472
  search0@0x2aaaaacf2fec
  mkplan@0x2aaaaad320d3
  fftw_mkplan_d@0x2aaaaacf3ea1
  mkplan@0x2aaaaacf3472
  search0@0x2aaaaacf31a9
  fftw_measure_execution_time@0x2aaaaacf6841
  zero@0x2aaaaad37608
  fftw_rdft_zerotens@0x2aaaaad3758c
  recur@0x2aaaaad374a2
ATP Stack walkback for Rank 419 done
Process died with signal 11: 'Segmentation fault'
Forcing core dumps of ranks 419, 0
View application merged backtrace tree with: stat-view atpMergedBT.dot
You may need to: module load stat

_pmiu_daemon(SIGCHLD): [NID 00041] [c0-0c0s10n1] [Fri Nov 15 11:49:25 2019] PE RANK 443 exit signal Killed
_pmiu_daemon(SIGCHLD): [NID 00036] [c0-0c0s9n0] [Fri Nov 15 11:49:25 2019] PE RANK 283 exit signal Killed
[NID 00041] 2019-11-15 11:49:25 Apid 2734578: initiated application termination
Application 2734578 exit codes: 137
Application 2734578 exit signals: Killed
Application 2734578 resources: utime ~4s, stime ~34s, Rss ~2465128, inblocks ~18270, outblocks ~0

