

 NAS Parallel Benchmarks 3.4 -- FT Benchmark

 No input file inputft.data. Using compiled defaults
 Size                : 8192x4096x4096  (class F)
 Iterations          :             25
 Number of processes :          16384
 Processor array     :      4096x   4
 Layout type         :             2D
 T =   -1     Checksum =    3.795711193634D-09    3.785181105090D-09

 Initialization time =      5.5710

 T =    1     Checksum =    5.119892866928D+02    5.121457822747D+02
 T =    2     Checksum =    5.119560157487D+02    5.121009044434D+02
 T =    3     Checksum =    5.119437960123D+02    5.120761074285D+02
 T =    4     Checksum =    5.119395628845D+02    5.120614320496D+02
 T =    5     Checksum =    5.119390371879D+02    5.120514085624D+02
 T =    6     Checksum =    5.119405091840D+02    5.120438117102D+02
 T =    7     Checksum =    5.119430444528D+02    5.120376348915D+02
 T =    8     Checksum =    5.119460702242D+02    5.120323831062D+02
 T =    9     Checksum =    5.119492377036D+02    5.120277980818D+02
 T =   10     Checksum =    5.119523446268D+02    5.120237368268D+02
 T =   11     Checksum =    5.119552825361D+02    5.120201137845D+02
 T =   12     Checksum =    5.119580008777D+02    5.120168723492D+02
 T =   13     Checksum =    5.119604834177D+02    5.120139707209D+02
 T =   14     Checksum =    5.119627332821D+02    5.120113749334D+02
 T =   15     Checksum =    5.119647637538D+02    5.120090554887D+02
 T =   16     Checksum =    5.119665927740D+02    5.120069857863D+02
 T =   17     Checksum =    5.119682397643D+02    5.120051414260D+02
 T =   18     Checksum =    5.119697238718D+02    5.120034999132D+02
 T =   19     Checksum =    5.119710630664D+02    5.120020405355D+02
 T =   20     Checksum =    5.119722737384D+02    5.120007442976D+02
 T =   21     Checksum =    5.119733705802D+02    5.119995938652D+02
 T =   22     Checksum =    5.119743666226D+02    5.119985735001D+02
 T =   23     Checksum =    5.119752733481D+02    5.119976689792D+02
 T =   24     Checksum =    5.119761008382D+02    5.119968675026D+02
 T =   25     Checksum =    5.119768579280D+02    5.119961575929D+02
 Result verification successful


 FT Benchmark Completed.
 Class           =                        F
 Size            =           8192x4096x4096
 Iterations      =                       25
 Time in seconds =                   133.16
 Total processes =                    16384
 Active procs    =                    16384
 Mop/s total     =               5112903.05
 Mop/s/process   =                   312.07
 Operation type  =           floating point
 Verification    =               SUCCESSFUL
 Version         =                      3.4
 Compile date    =              15 Aug 2019

 Compile options:
    MPIFC        = ftn
    FLINK        = $(MPIFC)
    FMPI_LIB     = (none)
    FMPI_INC     = (none)
    FFLAGS       = -O3
    FLINKFLAGS   = $(FFLAGS)
    RAND         = randi8


 Please send feedbacks and/or the results of this run to:

 NPB Development Team 
 Internet: npb@nas.nasa.gov


Application 2734430 resources: utime ~2311903s, stime ~27142s, Rss ~588100, inblocks ~286144, outblocks ~0



 NAS Parallel Benchmarks 3.4 -- FT Benchmark

 No input file inputft.data. Using compiled defaults
 Size                : 8192x4096x4096  (class F)
 Iterations          :             25
 Number of processes :          16384
 Processor array     :      4096x   4
 Layout type         :             2D
 T =   -1     Checksum =    3.795711193634D-09    3.785181105090D-09

 Initialization time =      5.5324

 T =    1     Checksum =    5.119892866928D+02    5.121457822747D+02
 T =    2     Checksum =    5.119560157487D+02    5.121009044434D+02
 T =    3     Checksum =    5.119437960123D+02    5.120761074285D+02
 T =    4     Checksum =    5.119395628845D+02    5.120614320496D+02
 T =    5     Checksum =    5.119390371879D+02    5.120514085624D+02
 T =    6     Checksum =    5.119405091840D+02    5.120438117102D+02
 T =    7     Checksum =    5.119430444528D+02    5.120376348915D+02
 T =    8     Checksum =    5.119460702242D+02    5.120323831062D+02
 T =    9     Checksum =    5.119492377036D+02    5.120277980818D+02
 T =   10     Checksum =    5.119523446268D+02    5.120237368268D+02
 T =   11     Checksum =    5.119552825361D+02    5.120201137845D+02
 T =   12     Checksum =    5.119580008777D+02    5.120168723492D+02
 T =   13     Checksum =    5.119604834177D+02    5.120139707209D+02
 T =   14     Checksum =    5.119627332821D+02    5.120113749334D+02
 T =   15     Checksum =    5.119647637538D+02    5.120090554887D+02
 T =   16     Checksum =    5.119665927740D+02    5.120069857863D+02
 T =   17     Checksum =    5.119682397643D+02    5.120051414260D+02
 T =   18     Checksum =    5.119697238718D+02    5.120034999132D+02
 T =   19     Checksum =    5.119710630664D+02    5.120020405355D+02
 T =   20     Checksum =    5.119722737384D+02    5.120007442976D+02
 T =   21     Checksum =    5.119733705802D+02    5.119995938652D+02
 T =   22     Checksum =    5.119743666226D+02    5.119985735001D+02
 T =   23     Checksum =    5.119752733481D+02    5.119976689792D+02
 T =   24     Checksum =    5.119761008382D+02    5.119968675026D+02
 T =   25     Checksum =    5.119768579280D+02    5.119961575929D+02
 Result verification successful


 FT Benchmark Completed.
 Class           =                        F
 Size            =           8192x4096x4096
 Iterations      =                       25
 Time in seconds =                   132.29
 Total processes =                    16384
 Active procs    =                    16384
 Mop/s total     =               5146550.48
 Mop/s/process   =                   314.12
 Operation type  =           floating point
 Verification    =               SUCCESSFUL
 Version         =                      3.4
 Compile date    =              15 Aug 2019

 Compile options:
    MPIFC        = ftn
    FLINK        = $(MPIFC)
    FMPI_LIB     = (none)
    FMPI_INC     = (none)
    FFLAGS       = -O3
    FLINKFLAGS   = $(FFLAGS)
    RAND         = randi8


 Please send feedbacks and/or the results of this run to:

 NPB Development Team 
 Internet: npb@nas.nasa.gov


Application 2734433 resources: utime ~2295086s, stime ~27123s, Rss ~588124, inblocks ~285484, outblocks ~0



 NAS Parallel Benchmarks 3.4 -- FT Benchmark

 No input file inputft.data. Using compiled defaults
 Size                : 8192x4096x4096  (class F)
 Iterations          :             25
 Number of processes :          16384
 Processor array     :      4096x   4
 Layout type         :             2D
 T =   -1     Checksum =    3.795711193634D-09    3.785181105090D-09

 Initialization time =      5.5540

 T =    1     Checksum =    5.119892866928D+02    5.121457822747D+02
 T =    2     Checksum =    5.119560157487D+02    5.121009044434D+02
 T =    3     Checksum =    5.119437960123D+02    5.120761074285D+02
 T =    4     Checksum =    5.119395628845D+02    5.120614320496D+02
 T =    5     Checksum =    5.119390371879D+02    5.120514085624D+02
 T =    6     Checksum =    5.119405091840D+02    5.120438117102D+02
 T =    7     Checksum =    5.119430444528D+02    5.120376348915D+02
 T =    8     Checksum =    5.119460702242D+02    5.120323831062D+02
 T =    9     Checksum =    5.119492377036D+02    5.120277980818D+02
 T =   10     Checksum =    5.119523446268D+02    5.120237368268D+02
 T =   11     Checksum =    5.119552825361D+02    5.120201137845D+02
 T =   12     Checksum =    5.119580008777D+02    5.120168723492D+02
 T =   13     Checksum =    5.119604834177D+02    5.120139707209D+02
 T =   14     Checksum =    5.119627332821D+02    5.120113749334D+02
 T =   15     Checksum =    5.119647637538D+02    5.120090554887D+02
 T =   16     Checksum =    5.119665927740D+02    5.120069857863D+02
 T =   17     Checksum =    5.119682397643D+02    5.120051414260D+02
 T =   18     Checksum =    5.119697238718D+02    5.120034999132D+02
 T =   19     Checksum =    5.119710630664D+02    5.120020405355D+02
 T =   20     Checksum =    5.119722737384D+02    5.120007442976D+02
 T =   21     Checksum =    5.119733705802D+02    5.119995938652D+02
 T =   22     Checksum =    5.119743666226D+02    5.119985735001D+02
 T =   23     Checksum =    5.119752733481D+02    5.119976689792D+02
 T =   24     Checksum =    5.119761008382D+02    5.119968675026D+02
 T =   25     Checksum =    5.119768579280D+02    5.119961575929D+02
 Result verification successful


 FT Benchmark Completed.
 Class           =                        F
 Size            =           8192x4096x4096
 Iterations      =                       25
 Time in seconds =                   132.58
 Total processes =                    16384
 Active procs    =                    16384
 Mop/s total     =               5135136.67
 Mop/s/process   =                   313.42
 Operation type  =           floating point
 Verification    =               SUCCESSFUL
 Version         =                      3.4
 Compile date    =              15 Aug 2019

 Compile options:
    MPIFC        = ftn
    FLINK        = $(MPIFC)
    FMPI_LIB     = (none)
    FMPI_INC     = (none)
    FFLAGS       = -O3
    FLINKFLAGS   = $(FFLAGS)
    RAND         = randi8


 Please send feedbacks and/or the results of this run to:

 NPB Development Team 
 Internet: npb@nas.nasa.gov


Application 2734436 resources: utime ~2301488s, stime ~27105s, Rss ~588216, inblocks ~282672, outblocks ~0

