starting NPB CLASS D64 8192x4096x4096 25 iterations (NX:8192,NY:4096,NZ:4096) on 32 x 64 processor grid
Application 2734595 is crashing. ATP analysis proceeding...

ATP Stack walkback for Rank 192 starting:
  _start@start.S:120
  __libc_start_main@0x2aaaaef3ef89
  main@ft-2d.upc:218
  plan3DFFT@fft3d.upc:72
  myfft_plan_1d@myfft_fftw3.c:30
  fftw_plan_many_dft@0x2aaaaadd1414
  fftw_mkapiplan@0x2aaaaadc8a66
  mkplan@0x2aaaaacf3472
  search0@0x2aaaaacf2fec
  mkplan@0x2aaaaacf99ff
  mkcldw@0x2aaaaacfacf0
  fftw_mkplan_d@0x2aaaaacf3ea1
  mkplan@0x2aaaaacf3472
  search0@0x2aaaaacf2fec
  mkplan@0x2aaaaacfe26c
  fftw_mkplan_d@0x2aaaaacf3ea1
  mkplan@0x2aaaaacf3472
  search0@0x2aaaaacf31a9
  fftw_measure_execution_time@0x2aaaaacf6841
  zero@0x2aaaaacfd010
  fftw_dft_zerotens@0x2aaaaacfebe0
  recur@0x2aaaaacfeb57
ATP Stack walkback for Rank 192 done
Process died with signal 11: 'Segmentation fault'
Forcing core dumps of ranks 192, 0
View application merged backtrace tree with: stat-view atpMergedBT.dot
You may need to: module load stat

_pmiu_daemon(SIGCHLD): [NID 00057] [c0-0c0s14n1] [Fri Nov 15 12:27:46 2019] PE RANK 1188 exit signal Killed
_pmiu_daemon(SIGCHLD): [NID 00088] [c0-0c1s6n0] [Fri Nov 15 12:27:46 2019] PE RANK 1543 exit signal Killed
_pmiu_daemon(SIGCHLD): [NID 00059] [c0-0c0s14n3] [Fri Nov 15 12:27:46 2019] PE RANK 1249 exit signal Killed
[NID 00059] 2019-11-15 12:27:46 Apid 2734595: initiated application termination
_pmiu_daemon(SIGCHLD): [NID 00086] [c0-0c1s5n2] [Fri Nov 15 12:27:46 2019] PE RANK 1497 exit signal Killed
Application 2734595 exit codes: 137
Application 2734595 exit signals: Killed
Application 2734595 resources: utime ~16s, stime ~113s, Rss ~2727384, inblocks ~63084, outblocks ~0

