NPB FT Benchmark, Class=F
Running on numLocales = 64
Problem size = 4096 x 4096 x 8192 
Time to setup FFT plans   :    44.5369 
src/DistributedFFT.chpl:390: error: Out of memory allocating "array elements"
src/DistributedFFT.chpl:390: error: Out of memory allocating "array elements"
src/DistributedFFT.chpl:390: error: Out of memory allocating "array elements"
src/DistributedFFT.chpl:390: error: Out of memory allocating "array elements"
src/DistributedFFT.chpl:390: error: Out of memory allocating "array elements"
src/DistributedFFT.chpl:390: error: Out of memory allocating "array elements"
src/DistributedFFT.chpl:390: error: Out of memory allocating "array elements"
src/DistributedFFT.chpl:390: error: Out of memory allocating "array elements"
src/DistributedFFT.chpl:390: error: Out of memory allocating "array elements"
src/DistributedFFT.chpl:390: error: Out of memory allocating "array elements"
src/DistributedFFT.chpl:390: error: Out of memory allocating "array elements"
src/DistributedFFT.chpl:390: error: Out of memory allocating "array elements"
src/DistributedFFT.chpl:390: error: Out of memory allocating "array elements"
src/DistributedFFT.chpl:390: error: Out of memory allocating "array elements"
src/DistributedFFT.chpl:390: error: Out of memory allocating "array elements"
src/DistributedFFT.chpl:390: error: Out of memory allocating "array elements"
src/DistributedFFT.chpl:390: error: Out of memory allocating "array elements"
src/DistributedFFT.chpl:390: error: Out of memory allocating "array elements"
src/DistributedFFT.chpl:390: error: Out of memory allocating "array elements"
src/DistributedFFT.chpl:390: error: Out of memory allocating "array elements"
src/DistributedFFT.chpl:390: error: Out of memory allocating "array elements"
src/DistributedFFT.chpl:390: error: Out of memory allocating "array elements"
src/DistributedFFT.chpl:390: error: Out of memory allocating "array elements"
src/DistributedFFT.chpl:390: error: Out of memory allocating "array elements"
src/DistributedFFT.chpl:390: error: Out of memory allocating "array elements"
src/DistributedFFT.chpl:390: error: Out of memory allocating "array elements"
src/DistributedFFT.chpl:390: error: Out of memory allocating "array elements"
src/DistributedFFT.chpl:390: error: Out of memory allocating "array elements"
src/DistributedFFT.chpl:390: error: Out of memory allocating "array elements"
src/DistributedFFT.chpl:390: error: Out of memory allocating "array elements"
src/DistributedFFT.chpl:390: error: Out of memory allocating "array elements"
src/DistributedFFT.chpl:390: error: Out of memory allocating "array elements"
src/DistributedFFT.chpl:390: error: Out of memory allocating "array elements"
src/DistributedFFT.chpl:390: error: Out of memory allocating "array elements"
src/DistributedFFT.chpl:390: error: Out of memory allocating "array elements"
src/DistributedFFT.chpl:390: error: Out of memory allocating "array elements"
src/DistributedFFT.chpl:390: error: Out of memory allocating "array elements"
src/DistributedFFT.chpl:390: error: Out of memory allocating "array elements"
src/DistributedFFT.chpl:390: error: Out of memory allocating "array elements"
src/DistributedFFT.chpl:390: error: Out of memory allocating "array elements"
src/DistributedFFT.chpl:390: error: Out of memory allocating "array elements"
src/DistributedFFT.chpl:390: error: Out of memory allocating "array elements"
src/DistributedFFT.chpl:390: error: Out of memory allocating "array elements"
src/DistributedFFT.chpl:390: error: Out of memory allocating "array elements"
src/DistributedFFT.chpl:390: error: Out of memory allocating "array elements"
src/DistributedFFT.chpl:390: error: Out of memory allocating "array elements"
src/DistributedFFT.chpl:390: error: Out of memory allocating "array elements"
src/DistributedFFT.chpl:390: error: Out of memory allocating "array elements"
src/DistributedFFT.chpl:390: error: Out of memory allocating "array elements"
src/DistributedFFT.chpl:390: error: Out of memory allocating "array elements"
src/DistributedFFT.chpl:390: error: Out of memory allocating "array elements"
src/DistributedFFT.chpl:390: error: Out of memory allocating "array elements"
src/DistributedFFT.chpl:390: error: Out of memory allocating "array elements"
src/DistributedFFT.chpl:390: error: Out of memory allocating "array elements"
src/DistributedFFT.chpl:390: error: Out of memory allocating "array elements"
src/DistributedFFT.chpl:390: error: Out of memory allocating "array elements"
src/DistributedFFT.chpl:390: error: Out of memory allocating "array elements"
src/DistributedFFT.chpl:390: error: Out of memory allocating "array elements"
src/DistributedFFT.chpl:390: error: Out of memory allocating "array elements"
src/DistributedFFT.chpl:390: error: Out of memory allocating "array elements"
src/DistributedFFT.chpl:390: error: Out of memory allocating "array elements"
src/DistributedFFT.chpl:390: error: Out of memory allocating "array elements"
src/DistributedFFT.chpl:390: error: Out of memory allocating "array elements"
src/DistributedFFT.chpl:390: error: Out of memory allocating "array elements"

NPB FT Benchmark, Class=F
Running on numLocales = 64
Problem size = 4096 x 4096 x 8192 
Time to setup FFT plans   :    44.4736 
src/DistributedFFT.chpl:390: error: Out of memory allocating "array elements"
src/DistributedFFT.chpl:390: error: Out of memory allocating "array elements"
src/DistributedFFT.chpl:390: error: Out of memory allocating "array elements"
src/DistributedFFT.chpl:390: error: Out of memory allocating "array elements"
src/DistributedFFT.chpl:390: error: Out of memory allocating "array elements"
src/DistributedFFT.chpl:390: error: Out of memory allocating "array elements"
src/DistributedFFT.chpl:390: error: Out of memory allocating "array elements"
src/DistributedFFT.chpl:390: error: Out of memory allocating "array elements"
src/DistributedFFT.chpl:390: error: Out of memory allocating "array elements"
src/DistributedFFT.chpl:390: error: Out of memory allocating "array elements"
src/DistributedFFT.chpl:390: error: Out of memory allocating "array elements"
src/DistributedFFT.chpl:390: error: Out of memory allocating "array elements"
src/DistributedFFT.chpl:390: error: Out of memory allocating "array elements"
src/DistributedFFT.chpl:390: error: Out of memory allocating "array elements"
src/DistributedFFT.chpl:390: error: Out of memory allocating "array elements"
src/DistributedFFT.chpl:390: error: Out of memory allocating "array elements"
src/DistributedFFT.chpl:390: error: Out of memory allocating "array elements"
src/DistributedFFT.chpl:390: error: Out of memory allocating "array elements"
src/DistributedFFT.chpl:390: error: Out of memory allocating "array elements"
src/DistributedFFT.chpl:390: error: Out of memory allocating "array elements"
src/DistributedFFT.chpl:390: error: Out of memory allocating "array elements"
src/DistributedFFT.chpl:390: error: Out of memory allocating "array elements"
src/DistributedFFT.chpl:390: error: Out of memory allocating "array elements"
src/DistributedFFT.chpl:390: error: Out of memory allocating "array elements"
src/DistributedFFT.chpl:390: error: Out of memory allocating "array elements"
src/DistributedFFT.chpl:390: error: Out of memory allocating "array elements"
src/DistributedFFT.chpl:390: error: Out of memory allocating "array elements"
src/DistributedFFT.chpl:390: error: Out of memory allocating "array elements"
src/DistributedFFT.chpl:390: error: Out of memory allocating "array elements"
src/DistributedFFT.chpl:390: error: Out of memory allocating "array elements"
src/DistributedFFT.chpl:390: error: Out of memory allocating "array elements"
src/DistributedFFT.chpl:390: error: Out of memory allocating "array elements"
src/DistributedFFT.chpl:390: error: Out of memory allocating "array elements"
src/DistributedFFT.chpl:390: error: Out of memory allocating "array elements"
src/DistributedFFT.chpl:390: error: Out of memory allocating "array elements"
src/DistributedFFT.chpl:390: error: Out of memory allocating "array elements"
src/DistributedFFT.chpl:390: error: Out of memory allocating "array elements"
src/DistributedFFT.chpl:390: error: Out of memory allocating "array elements"
src/DistributedFFT.chpl:390: error: Out of memory allocating "array elements"
src/DistributedFFT.chpl:390: error: Out of memory allocating "array elements"
src/DistributedFFT.chpl:390: error: Out of memory allocating "array elements"
src/DistributedFFT.chpl:390: error: Out of memory allocating "array elements"
src/DistributedFFT.chpl:390: error: Out of memory allocating "array elements"
src/DistributedFFT.chpl:390: error: Out of memory allocating "array elements"
src/DistributedFFT.chpl:390: error: Out of memory allocating "array elements"
src/DistributedFFT.chpl:390: error: Out of memory allocating "array elements"
src/DistributedFFT.chpl:390: error: Out of memory allocating "array elements"
src/DistributedFFT.chpl:390: error: Out of memory allocating "array elements"
src/DistributedFFT.chpl:390: error: Out of memory allocating "array elements"
src/DistributedFFT.chpl:390: error: Out of memory allocating "array elements"
src/DistributedFFT.chpl:390: error: Out of memory allocating "array elements"
src/DistributedFFT.chpl:390: error: Out of memory allocating "array elements"
src/DistributedFFT.chpl:390: error: Out of memory allocating "array elements"
src/DistributedFFT.chpl:390: error: Out of memory allocating "array elements"
src/DistributedFFT.chpl:390: error: Out of memory allocating "array elements"
src/DistributedFFT.chpl:390: error: Out of memory allocating "array elements"
src/DistributedFFT.chpl:390: error: Out of memory allocating "array elements"
src/DistributedFFT.chpl:390: error: Out of memory allocating "array elements"
src/DistributedFFT.chpl:390: error: Out of memory allocating "array elements"
src/DistributedFFT.chpl:390: error: Out of memory allocating "array elements"
src/DistributedFFT.chpl:390: error: Out of memory allocating "array elements"
src/DistributedFFT.chpl:390: error: Out of memory allocating "array elements"
src/DistributedFFT.chpl:390: error: Out of memory allocating "array elements"
src/DistributedFFT.chpl:390: error: Out of memory allocating "array elements"

