

 NAS Parallel Benchmarks 3.4 -- FT Benchmark

 No input file inputft.data. Using compiled defaults
 Size                : 8192x4096x4096  (class F)
 Iterations          :             25
 Number of processes :           2048
 Processor array     :         1x2048
 Layout type         :             1D
 T =   -1     Checksum =    3.795711193634D-09    3.785181105090D-09

 Initialization time =     41.2190

 T =    1     Checksum =    5.119892866928D+02    5.121457822747D+02
 T =    2     Checksum =    5.119560157487D+02    5.121009044434D+02
 T =    3     Checksum =    5.119437960123D+02    5.120761074285D+02
 T =    4     Checksum =    5.119395628845D+02    5.120614320496D+02
 T =    5     Checksum =    5.119390371879D+02    5.120514085624D+02
 T =    6     Checksum =    5.119405091840D+02    5.120438117102D+02
 T =    7     Checksum =    5.119430444528D+02    5.120376348915D+02
 T =    8     Checksum =    5.119460702242D+02    5.120323831062D+02
 T =    9     Checksum =    5.119492377036D+02    5.120277980818D+02
 T =   10     Checksum =    5.119523446268D+02    5.120237368268D+02
 T =   11     Checksum =    5.119552825361D+02    5.120201137845D+02
 T =   12     Checksum =    5.119580008777D+02    5.120168723492D+02
 T =   13     Checksum =    5.119604834177D+02    5.120139707209D+02
 T =   14     Checksum =    5.119627332821D+02    5.120113749334D+02
 T =   15     Checksum =    5.119647637538D+02    5.120090554887D+02
